0 info it worked if it ends with ok
1 verbose cli [ '/usr/local/bin/node', '/usr/local/bin/npm', 'run', 'lint' ]
2 info using npm@4.1.2
3 info using node@v9.10.1
4 verbose run-script [ 'prelint', 'lint', 'postlint' ]
5 info lifecycle lmcf@1.0.0~prelint: lmcf@1.0.0
6 silly lifecycle lmcf@1.0.0~prelint: no script for prelint, continuing
7 info lifecycle lmcf@1.0.0~lint: lmcf@1.0.0
8 verbose lifecycle lmcf@1.0.0~lint: unsafe-perm in lifecycle true
9 verbose lifecycle lmcf@1.0.0~lint: PATH: /usr/local/lib/node_modules/npm/bin/node-gyp-bin:/Users/hongyushi/vue-mb/node_modules/.bin:/Library/Frameworks/Python.framework/Versions/3.6/bin:/usr/local/bin:/usr/bin:/bin:/usr/sbin:/sbin:/usr/local/MacGPG2/bin:/Library/Frameworks/Python.framework/Versions/3.6/bin
10 verbose lifecycle lmcf@1.0.0~lint: CWD: /Users/hongyushi/vue-mb
11 silly lifecycle lmcf@1.0.0~lint: Args: [ '-c', 'eslint --fix --ext .js,.vue src test/unit' ]
12 silly lifecycle lmcf@1.0.0~lint: Returned: code: 1  signal: null
13 info lifecycle lmcf@1.0.0~lint: Failed to exec lint script
14 verbose stack Error: lmcf@1.0.0 lint: `eslint --fix --ext .js,.vue src test/unit`
14 verbose stack Exit status 1
14 verbose stack     at EventEmitter.<anonymous> (/usr/local/lib/node_modules/npm/lib/utils/lifecycle.js:279:16)
14 verbose stack     at EventEmitter.emit (events.js:180:13)
14 verbose stack     at ChildProcess.<anonymous> (/usr/local/lib/node_modules/npm/lib/utils/spawn.js:40:14)
14 verbose stack     at ChildProcess.emit (events.js:180:13)
14 verbose stack     at maybeClose (internal/child_process.js:936:16)
14 verbose stack     at Process.ChildProcess._handle.onexit (internal/child_process.js:220:5)
15 verbose pkgid lmcf@1.0.0
16 verbose cwd /Users/hongyushi/vue-mb
17 error Darwin 17.7.0
18 error argv "/usr/local/bin/node" "/usr/local/bin/npm" "run" "lint"
19 error node v9.10.1
20 error npm  v4.1.2
21 error code ELIFECYCLE
22 error lmcf@1.0.0 lint: `eslint --fix --ext .js,.vue src test/unit`
22 error Exit status 1
23 error Failed at the lmcf@1.0.0 lint script 'eslint --fix --ext .js,.vue src test/unit'.
23 error Make sure you have the latest version of node.js and npm installed.
23 error If you do, this is most likely a problem with the lmcf package,
23 error not with npm itself.
23 error Tell the author that this fails on your system:
23 error     eslint --fix --ext .js,.vue src test/unit
23 error You can get information on how to open an issue for this project with:
23 error     npm bugs lmcf
23 error Or if that isn't available, you can get their info via:
23 error     npm owner ls lmcf
23 error There is likely additional logging output above.
24 verbose exit [ 1, true ]
